<?xml version="1.0" encoding="UTF-8"?>
<!-- Generated by org.testng.reporters.JUnitReportReporter -->
<testsuite hostname="Mypc" name="grid.GridEg" tests="2" failures="0" timestamp="6 Aug 2017 08:54:13 GMT" time="31.247" errors="0">
  <testcase name="sample" time="11.576" classname="grid.GridEg"/>
  <testcase name="sample" time="19.671" classname="grid.GridEg"/>
</testsuite> <!-- grid.GridEg -->
