<?xml version="1.0" encoding="UTF-8"?>
<!-- Generated by org.testng.reporters.JUnitReportReporter -->
<testsuite hostname="Mypc" name="testNG.EmpregTest" tests="3" failures="0" timestamp="5 Aug 2017 08:32:21 GMT" time="20.599" errors="0">
  <testcase name="org_Empreg" time="7.733" classname="testNG.EmpregTest"/>
  <testcase name="org_Empreg" time="6.503" classname="testNG.EmpregTest"/>
  <testcase name="org_Empreg" time="6.363" classname="testNG.EmpregTest"/>
</testsuite> <!-- testNG.EmpregTest -->
