<?xml version="1.0" encoding="UTF-8"?>
<!-- Generated by org.testng.reporters.JUnitReportReporter -->
<testsuite hostname="Mypc" name="testNG.PrimusBankLogin" tests="1" failures="0" timestamp="5 Aug 2017 07:50:33 GMT" time="7.969" errors="0">
  <testcase name="login" time="7.969" classname="testNG.PrimusBankLogin"/>
</testsuite> <!-- testNG.PrimusBankLogin -->
