<?xml version="1.0" encoding="UTF-8"?>
<!-- Generated by org.testng.reporters.JUnitReportReporter -->
<testsuite hostname="Mypc" name="pom.LoginTC" tests="1" failures="0" timestamp="6 Aug 2017 06:39:54 GMT" time="10.877" errors="0">
  <testcase name="login" time="10.877" classname="pom.LoginTC"/>
</testsuite> <!-- pom.LoginTC -->
