<?xml version="1.0" encoding="UTF-8"?>
<!-- Generated by org.testng.reporters.JUnitReportReporter -->
<testsuite hostname="Mypc" name="testNG.BasicAnnotationsEg" tests="3" failures="0" timestamp="5 Aug 2017 07:41:56 GMT" time="0.027" errors="0">
  <testcase name="function2" time="0.009" classname="testNG.BasicAnnotationsEg"/>
  <testcase name="apple" time="0.005" classname="testNG.BasicAnnotationsEg"/>
  <testcase name="function1" time="0.013" classname="testNG.BasicAnnotationsEg"/>
</testsuite> <!-- testNG.BasicAnnotationsEg -->
